0 info it worked if it ends with ok
1 verbose cli [ 'D:\\nvm\\nodejs\\node.exe',
1 verbose cli   'D:\\nvm\\nodejs\\node_modules\\npm\\bin\\npm-cli.js',
1 verbose cli   'run',
1 verbose cli   'dev' ]
2 info using npm@3.10.10
3 info using node@v6.9.3
4 verbose run-script [ 'predev', 'dev', 'postdev' ]
5 info lifecycle project@1.0.0~predev: project@1.0.0
6 silly lifecycle project@1.0.0~predev: no script for predev, continuing
7 info lifecycle project@1.0.0~dev: project@1.0.0
8 verbose lifecycle project@1.0.0~dev: unsafe-perm in lifecycle true
9 verbose lifecycle project@1.0.0~dev: PATH: D:\nvm\v6.9.3\node_modules\npm\bin\node-gyp-bin;E:\webroot\my-project\node_modules\.bin;C:\Program Files (x86)\Intel\iCLS Client\;C:\Program Files\Intel\iCLS Client\;C:\WINDOWS\system32;C:\WINDOWS;C:\WINDOWS\System32\Wbem;C:\WINDOWS\System32\WindowsPowerShell\v1.0\;C:\Program Files (x86)\Intel\Intel(R) Management Engine Components\DAL;C:\Program Files\Intel\Intel(R) Management Engine Components\DAL;C:\Program Files (x86)\Intel\Intel(R) Management Engine Components\IPT;C:\Program Files\Intel\Intel(R) Management Engine Components\IPT;D:\Program Files\Git\cmd;D:\Program Files\nodejs\;C:\WINDOWS\System32\OpenSSH\;D:\Program Files\Microsoft VS Code\bin;D:\nvm;D:\;C:\Users\dell\AppData\Local\Microsoft\WindowsApps;D:\Program Files\Microsoft VS Code\bin;C:\Users\dell\AppData\Roaming\npm;D:\nvm;D:\nvm\nodejs
10 verbose lifecycle project@1.0.0~dev: CWD: E:\webroot\my-project
11 silly lifecycle project@1.0.0~dev: Args: [ '/d /s /c', 'vuepress dev project/docs' ]
12 silly lifecycle project@1.0.0~dev: Returned: code: 1  signal: null
13 info lifecycle project@1.0.0~dev: Failed to exec dev script
14 verbose stack Error: project@1.0.0 dev: `vuepress dev project/docs`
14 verbose stack Exit status 1
14 verbose stack     at EventEmitter.<anonymous> (D:\nvm\v6.9.3\node_modules\npm\lib\utils\lifecycle.js:255:16)
14 verbose stack     at emitTwo (events.js:106:13)
14 verbose stack     at EventEmitter.emit (events.js:191:7)
14 verbose stack     at ChildProcess.<anonymous> (D:\nvm\v6.9.3\node_modules\npm\lib\utils\spawn.js:40:14)
14 verbose stack     at emitTwo (events.js:106:13)
14 verbose stack     at ChildProcess.emit (events.js:191:7)
14 verbose stack     at maybeClose (internal/child_process.js:877:16)
14 verbose stack     at Process.ChildProcess._handle.onexit (internal/child_process.js:226:5)
15 verbose pkgid project@1.0.0
16 verbose cwd E:\webroot\my-project
17 error Windows_NT 10.0.17134
18 error argv "D:\\nvm\\nodejs\\node.exe" "D:\\nvm\\nodejs\\node_modules\\npm\\bin\\npm-cli.js" "run" "dev"
19 error node v6.9.3
20 error npm  v3.10.10
21 error code ELIFECYCLE
22 error project@1.0.0 dev: `vuepress dev project/docs`
22 error Exit status 1
23 error Failed at the project@1.0.0 dev script 'vuepress dev project/docs'.
23 error Make sure you have the latest version of node.js and npm installed.
23 error If you do, this is most likely a problem with the project package,
23 error not with npm itself.
23 error Tell the author that this fails on your system:
23 error     vuepress dev project/docs
23 error You can get information on how to open an issue for this project with:
23 error     npm bugs project
23 error Or if that isn't available, you can get their info via:
23 error     npm owner ls project
23 error There is likely additional logging output above.
24 verbose exit [ 1, true ]
